This is pdfTeX, Version 3.141592653-2.6-1.40.27 (TeX Live 2025) (preloaded format=pdflatex 2025.3.8)  27 MAY 2025 16:31
entering extended mode
 restricted \write18 enabled.
 %&-line parsing enabled.
**intervencion_empresarial.tex
(./intervencion_empresarial.tex
LaTeX2e <2024-11-01> patch level 2
L3 programming layer <2025-01-18>
(/usr/local/texlive/2025/texmf-dist/tex/latex/base/article.cls
Document Class: article 2024/06/29 v1.4n Standard LaTeX document class
(/usr/local/texlive/2025/texmf-dist/tex/latex/base/size12.clo
File: size12.clo 2024/06/29 v1.4n Standard LaTeX file (size option)
)
\c@part=\count196
\c@section=\count197
\c@subsection=\count198
\c@subsubsection=\count199
\c@paragraph=\count266
\c@subparagraph=\count267
\c@figure=\count268
\c@table=\count269
\abovecaptionskip=\skip49
\belowcaptionskip=\skip50
\bibindent=\dimen141
)
(/usr/local/texlive/2025/texmf-dist/tex/latex/base/inputenc.sty
Package: inputenc 2024/02/08 v1.3d Input encoding file
\inpenc@prehook=\toks17
\inpenc@posthook=\toks18
)
(/usr/local/texlive/2025/texmf-dist/tex/generic/babel/babel.sty
Package: babel 2025/02/14 v25.4 The multilingual framework for pdfLaTeX, LuaLaT
eX and XeLaTeX
\babel@savecnt=\count270
\U@D=\dimen142
\l@unhyphenated=\language90

(/usr/local/texlive/2025/texmf-dist/tex/generic/babel/txtbabel.def)
\bbl@readstream=\read2
\bbl@dirlevel=\count271

(/usr/local/texlive/2025/texmf-dist/tex/generic/babel-spanish/spanish.ldf
Language: spanish.ldf 2021/05/27 v5.0q Spanish support from the babel system
\es@quottoks=\toks19
\es@quotdepth=\count272
Package babel Info: Making " an active character on input line 570.
Package babel Info: Making . an active character on input line 675.
Package babel Info: Making < an active character on input line 722.
Package babel Info: Making > an active character on input line 722.
))
(/usr/local/texlive/2025/texmf-dist/tex/generic/babel/locale/es/babel-spanish.t
ex
Package babel Info: Importing font and identification data for spanish
(babel)             from babel-es.ini. Reported on input line 11.
) (/usr/local/texlive/2025/texmf-dist/tex/latex/geometry/geometry.sty
Package: geometry 2020/01/02 v5.9 Page Geometry

(/usr/local/texlive/2025/texmf-dist/tex/latex/graphics/keyval.sty
Package: keyval 2022/05/29 v1.15 key=value parser (DPC)
\KV@toks@=\toks20
)
(/usr/local/texlive/2025/texmf-dist/tex/generic/iftex/ifvtex.sty
Package: ifvtex 2019/10/25 v1.7 ifvtex legacy package. Use iftex instead.

(/usr/local/texlive/2025/texmf-dist/tex/generic/iftex/iftex.sty
Package: iftex 2024/12/12 v1.0g TeX engine tests
))
\Gm@cnth=\count273
\Gm@cntv=\count274
\c@Gm@tempcnt=\count275
\Gm@bindingoffset=\dimen143
\Gm@wd@mp=\dimen144
\Gm@odd@mp=\dimen145
\Gm@even@mp=\dimen146
\Gm@layoutwidth=\dimen147
\Gm@layoutheight=\dimen148
\Gm@layouthoffset=\dimen149
\Gm@layoutvoffset=\dimen150
\Gm@dimlist=\toks21
)
(/usr/local/texlive/2025/texmf-dist/tex/latex/ragged2e/ragged2e.sty
Package: ragged2e 2023/06/22 v3.6 ragged2e Package
\CenteringLeftskip=\skip51
\RaggedLeftLeftskip=\skip52
\RaggedRightLeftskip=\skip53
\CenteringRightskip=\skip54
\RaggedLeftRightskip=\skip55
\RaggedRightRightskip=\skip56
\CenteringParfillskip=\skip57
\RaggedLeftParfillskip=\skip58
\RaggedRightParfillskip=\skip59
\JustifyingParfillskip=\skip60
\CenteringParindent=\skip61
\RaggedLeftParindent=\skip62
\RaggedRightParindent=\skip63
\JustifyingParindent=\skip64
)
(/usr/local/texlive/2025/texmf-dist/tex/latex/csquotes/csquotes.sty
Package: csquotes 2024-04-04 v5.2o context-sensitive quotations (JAW)

(/usr/local/texlive/2025/texmf-dist/tex/latex/etoolbox/etoolbox.sty
Package: etoolbox 2025/02/11 v2.5l e-TeX tools for LaTeX (JAW)
\etb@tempcnta=\count276
)
\csq@reset=\count277
\csq@gtype=\count278
\csq@glevel=\count279
\csq@qlevel=\count280
\csq@maxlvl=\count281
\csq@tshold=\count282
\csq@ltx@everypar=\toks22

(/usr/local/texlive/2025/texmf-dist/tex/latex/csquotes/csquotes.def
File: csquotes.def 2024-04-04 v5.2o csquotes generic definitions (JAW)
)
Package csquotes Info: Trying to load configuration file 'csquotes.cfg'...
Package csquotes Info: ... configuration file loaded successfully.

(/usr/local/texlive/2025/texmf-dist/tex/latex/csquotes/csquotes.cfg
File: csquotes.cfg 
))
(/usr/local/texlive/2025/texmf-dist/tex/latex/graphics/graphicx.sty
Package: graphicx 2021/09/16 v1.2d Enhanced LaTeX Graphics (DPC,SPQR)

(/usr/local/texlive/2025/texmf-dist/tex/latex/graphics/graphics.sty
Package: graphics 2024/08/06 v1.4g Standard LaTeX Graphics (DPC,SPQR)

(/usr/local/texlive/2025/texmf-dist/tex/latex/graphics/trig.sty
Package: trig 2023/12/02 v1.11 sin cos tan (DPC)
)
(/usr/local/texlive/2025/texmf-dist/tex/latex/graphics-cfg/graphics.cfg
File: graphics.cfg 2016/06/04 v1.11 sample graphics configuration
)
Package graphics Info: Driver file: pdftex.def on input line 106.

(/usr/local/texlive/2025/texmf-dist/tex/latex/graphics-def/pdftex.def
File: pdftex.def 2024/04/13 v1.2c Graphics/color driver for pdftex
))
\Gin@req@height=\dimen151
\Gin@req@width=\dimen152
)
(/usr/local/texlive/2025/texmf-dist/tex/latex/float/float.sty
Package: float 2001/11/08 v1.3d Float enhancements (AL)
\c@float@type=\count283
\float@exts=\toks23
\float@box=\box52
\@float@everytoks=\toks24
\@floatcapt=\box53
)
(/usr/local/texlive/2025/texmf-dist/tex/latex/tools/longtable.sty
Package: longtable 2024-10-27 v4.22 Multi-page Table package (DPC)
\LTleft=\skip65
\LTright=\skip66
\LTpre=\skip67
\LTpost=\skip68
\LTchunksize=\count284
\LTcapwidth=\dimen153
\LT@head=\box54
\LT@firsthead=\box55
\LT@foot=\box56
\LT@lastfoot=\box57
\LT@gbox=\box58
\LT@cols=\count285
\LT@rows=\count286
\c@LT@tables=\count287
\c@LT@chunks=\count288
\LT@p@ftn=\toks25
)
(/usr/local/texlive/2025/texmf-dist/tex/latex/caption/caption.sty
Package: caption 2023/08/05 v3.6o Customizing captions (AR)

(/usr/local/texlive/2025/texmf-dist/tex/latex/caption/caption3.sty
Package: caption3 2023/07/31 v2.4d caption3 kernel (AR)
\caption@tempdima=\dimen154
\captionmargin=\dimen155
\caption@leftmargin=\dimen156
\caption@rightmargin=\dimen157
\caption@width=\dimen158
\caption@indent=\dimen159
\caption@parindent=\dimen160
\caption@hangindent=\dimen161
Package caption Info: Standard document class detected.
)
\c@caption@flags=\count289
\c@continuedfloat=\count290
Package caption Info: float package is loaded.
Package caption Info: longtable package is loaded.

(/usr/local/texlive/2025/texmf-dist/tex/latex/caption/ltcaption.sty
Package: ltcaption 2021/01/08 v1.4c longtable captions (AR)
))
(/usr/local/texlive/2025/texmf-dist/tex/latex/titlesec/titlesec.sty
Package: titlesec 2025/01/04 v2.17 Sectioning titles
\ttl@box=\box59
\beforetitleunit=\skip69
\aftertitleunit=\skip70
\ttl@plus=\dimen162
\ttl@minus=\dimen163
\ttl@toksa=\toks26
\titlewidth=\dimen164
\titlewidthlast=\dimen165
\titlewidthfirst=\dimen166
)
(/usr/local/texlive/2025/texmf-dist/tex/latex/setspace/setspace.sty
Package: setspace 2022/12/04 v6.7b set line spacing
)
(/usr/local/texlive/2025/texmf-dist/tex/latex/fancyhdr/fancyhdr.sty
Package: fancyhdr 2025/02/07 v5.2 Extensive control of page headers and footers

\f@nch@headwidth=\skip71
\f@nch@offset@elh=\skip72
\f@nch@offset@erh=\skip73
\f@nch@offset@olh=\skip74
\f@nch@offset@orh=\skip75
\f@nch@offset@elf=\skip76
\f@nch@offset@erf=\skip77
\f@nch@offset@olf=\skip78
\f@nch@offset@orf=\skip79
\f@nch@height=\skip80
\f@nch@footalignment=\skip81
\f@nch@widthL=\skip82
\f@nch@widthC=\skip83
\f@nch@widthR=\skip84
\@temptokenb=\toks27
)
(/usr/local/texlive/2025/texmf-dist/tex/latex/tocloft/tocloft.sty
Package: tocloft 2017/08/31 v2.3i parameterised ToC, etc., typesetting
Package tocloft Info: The document has section divisions on input line 51.
\cftparskip=\skip85
\cftbeforetoctitleskip=\skip86
\cftaftertoctitleskip=\skip87
\cftbeforepartskip=\skip88
\cftpartnumwidth=\skip89
\cftpartindent=\skip90
\cftbeforesecskip=\skip91
\cftsecindent=\skip92
\cftsecnumwidth=\skip93
\cftbeforesubsecskip=\skip94
\cftsubsecindent=\skip95
\cftsubsecnumwidth=\skip96
\cftbeforesubsubsecskip=\skip97
\cftsubsubsecindent=\skip98
\cftsubsubsecnumwidth=\skip99
\cftbeforeparaskip=\skip100
\cftparaindent=\skip101
\cftparanumwidth=\skip102
\cftbeforesubparaskip=\skip103
\cftsubparaindent=\skip104
\cftsubparanumwidth=\skip105
\cftbeforeloftitleskip=\skip106
\cftafterloftitleskip=\skip107
\cftbeforefigskip=\skip108
\cftfigindent=\skip109
\cftfignumwidth=\skip110
\c@lofdepth=\count291
\c@lotdepth=\count292
\cftbeforelottitleskip=\skip111
\cftafterlottitleskip=\skip112
\cftbeforetabskip=\skip113
\cfttabindent=\skip114
\cfttabnumwidth=\skip115
)
(/usr/local/texlive/2025/texmf-dist/tex/latex/hyperref/hyperref.sty
Package: hyperref 2024-11-05 v7.01l Hypertext links for LaTeX

(/usr/local/texlive/2025/texmf-dist/tex/latex/kvsetkeys/kvsetkeys.sty
Package: kvsetkeys 2022-10-05 v1.19 Key value parser (HO)
)
(/usr/local/texlive/2025/texmf-dist/tex/generic/kvdefinekeys/kvdefinekeys.sty
Package: kvdefinekeys 2019-12-19 v1.6 Define keys (HO)
)
(/usr/local/texlive/2025/texmf-dist/tex/generic/pdfescape/pdfescape.sty
Package: pdfescape 2019/12/09 v1.15 Implements pdfTeX's escape features (HO)

(/usr/local/texlive/2025/texmf-dist/tex/generic/ltxcmds/ltxcmds.sty
Package: ltxcmds 2023-12-04 v1.26 LaTeX kernel commands for general use (HO)
)
(/usr/local/texlive/2025/texmf-dist/tex/generic/pdftexcmds/pdftexcmds.sty
Package: pdftexcmds 2020-06-27 v0.33 Utility functions of pdfTeX for LuaTeX (HO
)

(/usr/local/texlive/2025/texmf-dist/tex/generic/infwarerr/infwarerr.sty
Package: infwarerr 2019/12/03 v1.5 Providing info/warning/error messages (HO)
)
Package pdftexcmds Info: \pdf@primitive is available.
Package pdftexcmds Info: \pdf@ifprimitive is available.
Package pdftexcmds Info: \pdfdraftmode found.
))
(/usr/local/texlive/2025/texmf-dist/tex/latex/hycolor/hycolor.sty
Package: hycolor 2020-01-27 v1.10 Color options for hyperref/bookmark (HO)
)
(/usr/local/texlive/2025/texmf-dist/tex/latex/hyperref/nameref.sty
Package: nameref 2023-11-26 v2.56 Cross-referencing by name of section

(/usr/local/texlive/2025/texmf-dist/tex/latex/refcount/refcount.sty
Package: refcount 2019/12/15 v3.6 Data extraction from label references (HO)
)
(/usr/local/texlive/2025/texmf-dist/tex/generic/gettitlestring/gettitlestring.s
ty
Package: gettitlestring 2019/12/15 v1.6 Cleanup title references (HO)
 (/usr/local/texlive/2025/texmf-dist/tex/latex/kvoptions/kvoptions.sty
Package: kvoptions 2022-06-15 v3.15 Key value format for package options (HO)
))
\c@section@level=\count293
)
(/usr/local/texlive/2025/texmf-dist/tex/generic/stringenc/stringenc.sty
Package: stringenc 2019/11/29 v1.12 Convert strings between diff. encodings (HO
)
)
\@linkdim=\dimen167
\Hy@linkcounter=\count294
\Hy@pagecounter=\count295

(/usr/local/texlive/2025/texmf-dist/tex/latex/hyperref/pd1enc.def
File: pd1enc.def 2024-11-05 v7.01l Hyperref: PDFDocEncoding definition (HO)
Now handling font encoding PD1 ...
... no UTF-8 mapping file for font encoding PD1
)
(/usr/local/texlive/2025/texmf-dist/tex/generic/intcalc/intcalc.sty
Package: intcalc 2019/12/15 v1.3 Expandable calculations with integers (HO)
)
\Hy@SavedSpaceFactor=\count296

(/usr/local/texlive/2025/texmf-dist/tex/latex/hyperref/puenc.def
File: puenc.def 2024-11-05 v7.01l Hyperref: PDF Unicode definition (HO)
Now handling font encoding PU ...
... no UTF-8 mapping file for font encoding PU
)
Package hyperref Info: Hyper figures OFF on input line 4157.
Package hyperref Info: Link nesting OFF on input line 4162.
Package hyperref Info: Hyper index ON on input line 4165.
Package hyperref Info: Plain pages OFF on input line 4172.
Package hyperref Info: Backreferencing OFF on input line 4177.
Package hyperref Info: Implicit mode ON; LaTeX internals redefined.
Package hyperref Info: Bookmarks ON on input line 4424.
\c@Hy@tempcnt=\count297

(/usr/local/texlive/2025/texmf-dist/tex/latex/url/url.sty
\Urlmuskip=\muskip17
Package: url 2013/09/16  ver 3.4  Verb mode for urls, etc.
)
LaTeX Info: Redefining \url on input line 4763.
\XeTeXLinkMargin=\dimen168

(/usr/local/texlive/2025/texmf-dist/tex/generic/bitset/bitset.sty
Package: bitset 2019/12/09 v1.3 Handle bit-vector datatype (HO)

(/usr/local/texlive/2025/texmf-dist/tex/generic/bigintcalc/bigintcalc.sty
Package: bigintcalc 2019/12/15 v1.5 Expandable calculations on big integers (HO
)
))
\Fld@menulength=\count298
\Field@Width=\dimen169
\Fld@charsize=\dimen170
Package hyperref Info: Hyper figures OFF on input line 6042.
Package hyperref Info: Link nesting OFF on input line 6047.
Package hyperref Info: Hyper index ON on input line 6050.
Package hyperref Info: backreferencing OFF on input line 6057.
Package hyperref Info: Link coloring OFF on input line 6062.
Package hyperref Info: Link coloring with OCG OFF on input line 6067.
Package hyperref Info: PDF/A mode OFF on input line 6072.

(/usr/local/texlive/2025/texmf-dist/tex/latex/base/atbegshi-ltx.sty
Package: atbegshi-ltx 2021/01/10 v1.0c Emulation of the original atbegshi
package with kernel methods
)
\Hy@abspage=\count299
\c@Item=\count300
\c@Hfootnote=\count301
)
Package hyperref Info: Driver (autodetected): hpdftex.

(/usr/local/texlive/2025/texmf-dist/tex/latex/hyperref/hpdftex.def
File: hpdftex.def 2024-11-05 v7.01l Hyperref driver for pdfTeX

(/usr/local/texlive/2025/texmf-dist/tex/latex/base/atveryend-ltx.sty
Package: atveryend-ltx 2020/08/19 v1.0a Emulation of the original atveryend pac
kage
with kernel methods
)
\Fld@listcount=\count302
\c@bookmark@seq@number=\count303

(/usr/local/texlive/2025/texmf-dist/tex/latex/rerunfilecheck/rerunfilecheck.sty
Package: rerunfilecheck 2022-07-10 v1.10 Rerun checks for auxiliary files (HO)

(/usr/local/texlive/2025/texmf-dist/tex/generic/uniquecounter/uniquecounter.sty
Package: uniquecounter 2019/12/15 v1.4 Provide unlimited unique counter (HO)
)
Package uniquecounter Info: New unique counter `rerunfilecheck' on input line 2
85.
)
\Hy@SectionHShift=\skip116
) (/usr/local/texlive/2025/texmf-dist/tex/latex/pdflscape/pdflscape.sty
Package: pdflscape 2022-10-27 v0.13 Display of landscape pages in PDF

(/usr/local/texlive/2025/texmf-dist/tex/latex/pdflscape/pdflscape-nometadata.st
y
Package: pdflscape-nometadata 2022-10-28 v0.13 Display of landscape pages in PD
F (HO)
 (/usr/local/texlive/2025/texmf-dist/tex/latex/graphics/lscape.sty
Package: lscape 2020/05/28 v3.02 Landscape Pages (DPC)
)
Package pdflscape Info: Auto-detected driver: pdftex on input line 81.
))
(/usr/local/texlive/2025/texmf-dist/tex/latex/preprint/authblk.sty
Package: authblk 2001/02/27 1.3 (PWD)
\affilsep=\skip117
\@affilsep=\skip118
\c@Maxaffil=\count304
\c@authors=\count305
\c@affil=\count306
)
(/usr/local/texlive/2025/texmf-dist/tex/latex/biblatex/biblatex.sty
Package: biblatex 2024/03/21 v3.20 programmable bibliographies (PK/MW)

(/usr/local/texlive/2025/texmf-dist/tex/latex/logreq/logreq.sty
Package: logreq 2010/08/04 v1.0 xml request logger
\lrq@indent=\count307

(/usr/local/texlive/2025/texmf-dist/tex/latex/logreq/logreq.def
File: logreq.def 2010/08/04 v1.0 logreq spec v1.0
))
(/usr/local/texlive/2025/texmf-dist/tex/latex/base/ifthen.sty
Package: ifthen 2024/03/16 v1.1e Standard LaTeX ifthen package (DPC)
)
\c@tabx@nest=\count308
\c@listtotal=\count309
\c@listcount=\count310
\c@liststart=\count311
\c@liststop=\count312
\c@citecount=\count313
\c@citetotal=\count314
\c@multicitecount=\count315
\c@multicitetotal=\count316
\c@instcount=\count317
\c@maxnames=\count318
\c@minnames=\count319
\c@maxitems=\count320
\c@minitems=\count321
\c@citecounter=\count322
\c@maxcitecounter=\count323
\c@savedcitecounter=\count324
\c@uniquelist=\count325
\c@uniquename=\count326
\c@refsection=\count327
\c@refsegment=\count328
\c@maxextratitle=\count329
\c@maxextratitleyear=\count330
\c@maxextraname=\count331
\c@maxextradate=\count332
\c@maxextraalpha=\count333
\c@abbrvpenalty=\count334
\c@highnamepenalty=\count335
\c@lownamepenalty=\count336
\c@maxparens=\count337
\c@parenlevel=\count338
\blx@tempcnta=\count339
\blx@tempcntb=\count340
\blx@tempcntc=\count341
\c@blx@maxsection=\count342
\blx@maxsegment@0=\count343
\blx@notetype=\count344
\blx@parenlevel@text=\count345
\blx@parenlevel@foot=\count346
\blx@sectionciteorder@0=\count347
\blx@sectionciteorderinternal@0=\count348
\blx@entrysetcounter=\count349
\blx@biblioinstance=\count350
\labelnumberwidth=\skip119
\labelalphawidth=\skip120
\biblabelsep=\skip121
\bibitemsep=\skip122
\bibnamesep=\skip123
\bibinitsep=\skip124
\bibparsep=\skip125
\bibhang=\skip126
\blx@bcfin=\read3
\blx@bcfout=\write3
\blx@langwohyphens=\language91
\c@mincomprange=\count351
\c@maxcomprange=\count352
\c@mincompwidth=\count353
Package biblatex Info: Trying to load biblatex default data model...
Package biblatex Info: ... file 'blx-dm.def' found.

(/usr/local/texlive/2025/texmf-dist/tex/latex/biblatex/blx-dm.def
File: blx-dm.def 2024/03/21 v3.20 biblatex datamodel (PK/MW)
)
Package biblatex Info: Trying to load biblatex style data model...
Package biblatex Info: ... file 'apa.dbx' found.

(/usr/local/texlive/2025/texmf-dist/tex/latex/biblatex-apa/apa.dbx
File: apa.dbx 2023/03/20 v9.17 APA biblatex style data model
)
Package biblatex Info: Trying to load biblatex custom data model...
Package biblatex Info: ... file 'biblatex-dm.cfg' not found.
\c@afterword=\count354
\c@savedafterword=\count355
\c@annotator=\count356
\c@savedannotator=\count357
\c@author=\count358
\c@savedauthor=\count359
\c@bookauthor=\count360
\c@savedbookauthor=\count361
\c@commentator=\count362
\c@savedcommentator=\count363
\c@editor=\count364
\c@savededitor=\count365
\c@editora=\count366
\c@savededitora=\count367
\c@editorb=\count368
\c@savededitorb=\count369
\c@editorc=\count370
\c@savededitorc=\count371
\c@foreword=\count372
\c@savedforeword=\count373
\c@holder=\count374
\c@savedholder=\count375
\c@introduction=\count376
\c@savedintroduction=\count377
\c@namea=\count378
\c@savednamea=\count379
\c@nameb=\count380
\c@savednameb=\count381
\c@namec=\count382
\c@savednamec=\count383
\c@translator=\count384
\c@savedtranslator=\count385
\c@shortauthor=\count386
\c@savedshortauthor=\count387
\c@shorteditor=\count388
\c@savedshorteditor=\count389
\c@narrator=\count390
\c@savednarrator=\count391
\c@execproducer=\count392
\c@savedexecproducer=\count393
\c@execdirector=\count394
\c@savedexecdirector=\count395
\c@with=\count396
\c@savedwith=\count397
\c@labelname=\count398
\c@savedlabelname=\count399
\c@institution=\count400
\c@savedinstitution=\count401
\c@lista=\count402
\c@savedlista=\count403
\c@listb=\count404
\c@savedlistb=\count405
\c@listc=\count406
\c@savedlistc=\count407
\c@listd=\count408
\c@savedlistd=\count409
\c@liste=\count410
\c@savedliste=\count411
\c@listf=\count412
\c@savedlistf=\count413
\c@location=\count414
\c@savedlocation=\count415
\c@organization=\count416
\c@savedorganization=\count417
\c@origlocation=\count418
\c@savedoriglocation=\count419
\c@origpublisher=\count420
\c@savedorigpublisher=\count421
\c@publisher=\count422
\c@savedpublisher=\count423
\c@language=\count424
\c@savedlanguage=\count425
\c@origlanguage=\count426
\c@savedoriglanguage=\count427
\c@citation=\count428
\c@savedcitation=\count429
\c@pageref=\count430
\c@savedpageref=\count431
\shorthandwidth=\skip127
\shortjournalwidth=\skip128
\shortserieswidth=\skip129
\shorttitlewidth=\skip130
\shortauthorwidth=\skip131
\shorteditorwidth=\skip132
\locallabelnumberwidth=\skip133
\locallabelalphawidth=\skip134
\localshorthandwidth=\skip135
\localshortjournalwidth=\skip136
\localshortserieswidth=\skip137
\localshorttitlewidth=\skip138
\localshortauthorwidth=\skip139
\localshorteditorwidth=\skip140
Package biblatex Info: Trying to load compatibility code...
Package biblatex Info: ... file 'blx-compat.def' found.

(/usr/local/texlive/2025/texmf-dist/tex/latex/biblatex/blx-compat.def
File: blx-compat.def 2024/03/21 v3.20 biblatex compatibility (PK/MW)
)
Package biblatex Info: Trying to load generic definitions...
Package biblatex Info: ... file 'biblatex.def' found.

(/usr/local/texlive/2025/texmf-dist/tex/latex/biblatex/biblatex.def
File: biblatex.def 2024/03/21 v3.20 biblatex compatibility (PK/MW)
\c@textcitecount=\count432
\c@textcitetotal=\count433
\c@textcitemaxnames=\count434
\c@biburlbigbreakpenalty=\count435
\c@biburlbreakpenalty=\count436
\c@biburlnumpenalty=\count437
\c@biburlucpenalty=\count438
\c@biburllcpenalty=\count439
\biburlbigskip=\muskip18
\biburlnumskip=\muskip19
\biburlucskip=\muskip20
\biburllcskip=\muskip21
\c@smartand=\count440
)
Package biblatex Info: Trying to load bibliography style 'apa'...
Package biblatex Info: ... file 'apa.bbx' found.

(/usr/local/texlive/2025/texmf-dist/tex/latex/biblatex-apa/apa.bbx
File: apa.bbx 2023/03/20 v9.17 APA biblatex references style
Package biblatex Info: Trying to load bibliography style 'standard'...
Package biblatex Info: ... file 'standard.bbx' found.

(/usr/local/texlive/2025/texmf-dist/tex/latex/biblatex/bbx/standard.bbx
File: standard.bbx 2024/03/21 v3.20 biblatex bibliography style (PK/MW)
\c@bbx:relatedcount=\count441
\c@bbx:relatedtotal=\count442
)
Package biblatex Info: Delimiter 'nameyeardelim' in context 'bib' already defin
ed, overwriting.
Package biblatex Info: Delimiter 'nameyeardelim' in context 'biblist' already d
efined, overwriting.
Package biblatex Info: Delimiter 'nonameyeardelim' in context 'bib' already def
ined, overwriting.
Package biblatex Info: Delimiter 'nonameyeardelim' in context 'biblist' already
 defined, overwriting.
)
Package biblatex Info: Trying to load citation style 'apa'...
Package biblatex Info: ... file 'apa.cbx' found.

(/usr/local/texlive/2025/texmf-dist/tex/latex/biblatex-apa/apa.cbx
File: apa.cbx 2023/03/20 v9.17 APA biblatex citation style
Package biblatex Info: Delimiter 'nameyeardelim' in context '' already defined,
 overwriting.
Package biblatex Info: Delimiter 'andothersdelim' in context '' already defined
, overwriting.
Package biblatex Info: Redefining '\fullcite'.
Package biblatex Info: Redefining '\citeauthor'.
Package biblatex Info: Redefining '\citeyear'.
Package biblatex Info: Redefining '\cite'.
Package biblatex Info: Redefining '\cites'.
Package biblatex Info: Redefining '\parencite'.
Package biblatex Info: Redefining '\parencites'.
Package biblatex Info: Redefining '\footcite'.
Package biblatex Info: Redefining '\footcites'.
Package biblatex Info: Redefining '\footcitetext'.
Package biblatex Info: Redefining '\footcitetexts'.
Package biblatex Info: Redefining '\smartcite'.
Package biblatex Info: Redefining '\smartcites'.
Package biblatex Info: Redefining '\textcite'.
Package biblatex Info: Redefining '\textcites'.
)
Package biblatex Info: Trying to load configuration file...
Package biblatex Info: ... file 'biblatex.cfg' found.

(/usr/local/texlive/2025/texmf-dist/tex/latex/biblatex/biblatex.cfg
File: biblatex.cfg 
)
Package biblatex Info: Input encoding 'utf8' detected.
Package biblatex Info: Document encoding is UTF8 ....

(/usr/local/texlive/2025/texmf-dist/tex/latex/l3kernel/expl3.sty
Package: expl3 2025-01-18 L3 programming layer (loader) 

(/usr/local/texlive/2025/texmf-dist/tex/latex/l3backend/l3backend-pdftex.def
File: l3backend-pdftex.def 2024-05-08 L3 backend support: PDF output (pdfTeX)
\l__color_backend_stack_int=\count443
\l__pdf_internal_box=\box60
))
Package biblatex Info: ... and expl3
(biblatex)             2025-01-18 L3 programming layer (loader) 
(biblatex)             is new enough (at least 2020/04/06),
(biblatex)             setting 'casechanger=expl3'.

(/usr/local/texlive/2025/texmf-dist/tex/latex/biblatex/blx-case-expl3.sty
(/usr/local/texlive/2025/texmf-dist/tex/latex/l3packages/xparse/xparse.sty
Package: xparse 2024-08-16 L3 Experimental document command parser
)
Package: blx-case-expl3 2024/03/21 v3.20 expl3 case changing code for biblatex
))
Package csquotes Info: Checking for multilingual support...
Package csquotes Info: ... found 'babel' package.
Package csquotes Info: Adjusting default style.
Package csquotes Info: Redefining alias 'default' -> 'spanish'.

(./intervencion_empresarial.aux
LaTeX Info: Redefining \. on input line 12.
LaTeX Info: Redefining \% on input line 12.
)
\openout1 = `intervencion_empresarial.aux'.

LaTeX Font Info:    Checking defaults for OML/cmm/m/it on input line 97.
LaTeX Font Info:    ... okay on input line 97.
LaTeX Font Info:    Checking defaults for OMS/cmsy/m/n on input line 97.
LaTeX Font Info:    ... okay on input line 97.
LaTeX Font Info:    Checking defaults for OT1/cmr/m/n on input line 97.
LaTeX Font Info:    ... okay on input line 97.
LaTeX Font Info:    Checking defaults for T1/cmr/m/n on input line 97.
LaTeX Font Info:    ... okay on input line 97.
LaTeX Font Info:    Checking defaults for TS1/cmr/m/n on input line 97.
LaTeX Font Info:    ... okay on input line 97.
LaTeX Font Info:    Checking defaults for OMX/cmex/m/n on input line 97.
LaTeX Font Info:    ... okay on input line 97.
LaTeX Font Info:    Checking defaults for U/cmr/m/n on input line 97.
LaTeX Font Info:    ... okay on input line 97.
LaTeX Font Info:    Checking defaults for PD1/pdf/m/n on input line 97.
LaTeX Font Info:    ... okay on input line 97.
LaTeX Font Info:    Checking defaults for PU/pdf/m/n on input line 97.
LaTeX Font Info:    ... okay on input line 97.
LaTeX Info: Redefining \. on input line 97.
LaTeX Info: Redefining \% on input line 97.

*geometry* driver: auto-detecting
*geometry* detected driver: pdftex
*geometry* verbose mode - [ preamble ] result:
* driver: pdftex
* paper: letterpaper
* layout: <same size as paper>
* layoutoffset:(h,v)=(0.0pt,0.0pt)
* modes: 
* h-part:(L,W,R)=(72.2698pt, 469.75539pt, 72.2698pt)
* v-part:(T,H,B)=(72.2698pt, 650.43037pt, 72.2698pt)
* \paperwidth=614.295pt
* \paperheight=794.96999pt
* \textwidth=469.75539pt
* \textheight=650.43037pt
* \oddsidemargin=-0.00018pt
* \evensidemargin=-0.00018pt
* \topmargin=-37.00018pt
* \headheight=36.1pt
* \headsep=42.67912pt
* \topskip=12.0pt
* \footskip=30.0pt
* \marginparwidth=44.0pt
* \marginparsep=10.0pt
* \columnsep=10.0pt
* \skip\footins=10.8pt plus 4.0pt minus 2.0pt
* \hoffset=0.0pt
* \voffset=0.0pt
* \mag=1000
* \@twocolumnfalse
* \@twosidefalse
* \@mparswitchfalse
* \@reversemarginfalse
* (1in=72.27pt=25.4mm, 1cm=28.453pt)

(/usr/local/texlive/2025/texmf-dist/tex/context/base/mkii/supp-pdf.mkii
[Loading MPS to PDF converter (version 2006.09.02).]
\scratchcounter=\count444
\scratchdimen=\dimen171
\scratchbox=\box61
\nofMPsegments=\count445
\nofMParguments=\count446
\everyMPshowfont=\toks28
\MPscratchCnt=\count447
\MPscratchDim=\dimen172
\MPnumerator=\count448
\makeMPintoPDFobject=\count449
\everyMPtoPDFconversion=\toks29
) (/usr/local/texlive/2025/texmf-dist/tex/latex/epstopdf-pkg/epstopdf-base.sty
Package: epstopdf-base 2020-01-24 v2.11 Base part for package epstopdf
Package epstopdf-base Info: Redefining graphics rule for `.eps' on input line 4
85.

(/usr/local/texlive/2025/texmf-dist/tex/latex/latexconfig/epstopdf-sys.cfg
File: epstopdf-sys.cfg 2010/07/13 v1.3 Configuration of (r)epstopdf for TeX Liv
e
))
Package caption Info: Begin \AtBeginDocument code.
Package caption Info: hyperref package is loaded.
Package caption Info: End \AtBeginDocument code.
Package hyperref Info: Link coloring OFF on input line 97.

(./intervencion_empresarial.out) (./intervencion_empresarial.out)
\@outlinefile=\write4
\openout4 = `intervencion_empresarial.out'.

Package biblatex Info: Trying to load language 'spanish' -> 'spanish-apa'...
Package biblatex Info: ... file 'spanish-apa.lbx' found.

(/usr/local/texlive/2025/texmf-dist/tex/latex/biblatex-apa/spanish-apa.lbx
File: spanish-apa.lbx 2023/03/20 v9.17 APA biblatex localisation
Package biblatex Info: Trying to load language 'spanish'...
Package biblatex Info: ... file 'spanish.lbx' found.

(/usr/local/texlive/2025/texmf-dist/tex/latex/biblatex/lbx/spanish.lbx
File: spanish.lbx 2024/03/21 v3.20 biblatex localization (PK/MW)
)
Package biblatex Info: Trying to load language 'spanish'...
Package biblatex Info: ... file 'spanish.lbx' found.

(/usr/local/texlive/2025/texmf-dist/tex/latex/biblatex/lbx/spanish.lbx
File: spanish.lbx 2024/03/21 v3.20 biblatex localization (PK/MW)
))
Package biblatex Info: Input encoding 'utf8' detected.
Package biblatex Info: Automatic encoding selection.
(biblatex)             Assuming data encoding 'utf8'.
\openout3 = `intervencion_empresarial.bcf'.

Package biblatex Info: Trying to load bibliographic data...
Package biblatex Info: ... file 'intervencion_empresarial.bbl' found.

(./intervencion_empresarial.bbl)
Package biblatex Info: Reference section=0 on input line 97.
Package biblatex Info: Reference segment=0 on input line 97.
LaTeX Font Info:    External font `cmex10' loaded for size
(Font)              <12> on input line 102.
LaTeX Font Info:    External font `cmex10' loaded for size
(Font)              <8> on input line 102.
LaTeX Font Info:    External font `cmex10' loaded for size
(Font)              <6> on input line 102.


[1

{/usr/local/texlive/2025/texmf-var/fonts/map/pdftex/updmap/pdftex.map}]

LaTeX Font Info:    External font `cmex10' loaded for size
(Font)              <7> on input line 131.
LaTeX Font Info:    External font `cmex10' loaded for size
(Font)              <5> on input line 131.

Underfull \hbox (badness 10000) has occurred while \output is active
[]\OT1/cmr/m/n/10 Propuesta de im-ple-men-ta-ci^^Son de me-to-do-log^^S^^Pa y o
fi-ci-na de pro-yec-tos $\OML/cmm/m/it/10 PO$ \OT1/cmr/m/n/10 pa-ra la ges-
 []


Underfull \hbox (badness 10000) has occurred while \output is active
\OT1/cmr/m/n/10 ti^^Son de pro-yec-tos de tec-no-log^^S^^Pa y con-trol in-dus-t
rial en la em-pre-sa S&G So-lu-cio-nes de
 []


pdfTeX warning (ext4): destination with the same identifier (name{page.1}) has 
been already used, duplicate ignored
<to be read again> 
                   \relax 
l.131 \chapterbreak
                    [1

] (./sections/aceptacion.tex)


Underfull \hbox (badness 10000) has occurred while \output is active
[]\OT1/cmr/m/n/10 Propuesta de im-ple-men-ta-ci^^Son de me-to-do-log^^S^^Pa y o
fi-ci-na de pro-yec-tos $\OML/cmm/m/it/10 PO$ \OT1/cmr/m/n/10 pa-ra la ges-
 []


Underfull \hbox (badness 10000) has occurred while \output is active
\OT1/cmr/m/n/10 ti^^Son de pro-yec-tos de tec-no-log^^S^^Pa y con-trol in-dus-t
rial en la em-pre-sa S&G So-lu-cio-nes de
 []

[2

] (./sections/dedicatoria.tex)


Underfull \hbox (badness 10000) has occurred while \output is active
[]\OT1/cmr/m/n/10 Propuesta de im-ple-men-ta-ci^^Son de me-to-do-log^^S^^Pa y o
fi-ci-na de pro-yec-tos $\OML/cmm/m/it/10 PO$ \OT1/cmr/m/n/10 pa-ra la ges-
 []


Underfull \hbox (badness 10000) has occurred while \output is active
\OT1/cmr/m/n/10 ti^^Son de pro-yec-tos de tec-no-log^^S^^Pa y con-trol in-dus-t
rial en la em-pre-sa S&G So-lu-cio-nes de
 []

[3

] (./sections/agradecimientos.tex)


Underfull \hbox (badness 10000) has occurred while \output is active
[]\OT1/cmr/m/n/10 Propuesta de im-ple-men-ta-ci^^Son de me-to-do-log^^S^^Pa y o
fi-ci-na de pro-yec-tos $\OML/cmm/m/it/10 PO$ \OT1/cmr/m/n/10 pa-ra la ges-
 []


Underfull \hbox (badness 10000) has occurred while \output is active
\OT1/cmr/m/n/10 ti^^Son de pro-yec-tos de tec-no-log^^S^^Pa y con-trol in-dus-t
rial en la em-pre-sa S&G So-lu-cio-nes de
 []

[4

] (./sections/resumen.tex)


Underfull \hbox (badness 10000) has occurred while \output is active
[]\OT1/cmr/m/n/10 Propuesta de im-ple-men-ta-ci^^Son de me-to-do-log^^S^^Pa y o
fi-ci-na de pro-yec-tos $\OML/cmm/m/it/10 PO$ \OT1/cmr/m/n/10 pa-ra la ges-
 []


Underfull \hbox (badness 10000) has occurred while \output is active
\OT1/cmr/m/n/10 ti^^Son de pro-yec-tos de tec-no-log^^S^^Pa y con-trol in-dus-t
rial en la em-pre-sa S&G So-lu-cio-nes de
 []

[5

] (./sections/abstract.tex)


Underfull \hbox (badness 10000) has occurred while \output is active
[]\OT1/cmr/m/n/10 Propuesta de im-ple-men-ta-ci^^Son de me-to-do-log^^S^^Pa y o
fi-ci-na de pro-yec-tos $\OML/cmm/m/it/10 PO$ \OT1/cmr/m/n/10 pa-ra la ges-
 []


Underfull \hbox (badness 10000) has occurred while \output is active
\OT1/cmr/m/n/10 ti^^Son de pro-yec-tos de tec-no-log^^S^^Pa y con-trol in-dus-t
rial en la em-pre-sa S&G So-lu-cio-nes de
 []

[6

] (./intervencion_empresarial.toc
LaTeX Info: Redefining \sptext on input line 1.
LaTeX Info: Redefining \. on input line 1.
LaTeX Info: Redefining \% on input line 1.


[7

])
\tf@toc=\write5
\openout5 = `intervencion_empresarial.toc'.




Underfull \hbox (badness 10000) has occurred while \output is active
[]\OT1/cmr/m/n/10 Propuesta de im-ple-men-ta-ci^^Son de me-to-do-log^^S^^Pa y o
fi-ci-na de pro-yec-tos $\OML/cmm/m/it/10 PO$ \OT1/cmr/m/n/10 pa-ra la ges-
 []


Underfull \hbox (badness 10000) has occurred while \output is active
\OT1/cmr/m/n/10 ti^^Son de pro-yec-tos de tec-no-log^^S^^Pa y con-trol in-dus-t
rial en la em-pre-sa S&G So-lu-cio-nes de
 []

[8]


Underfull \hbox (badness 10000) has occurred while \output is active
[]\OT1/cmr/m/n/10 Propuesta de im-ple-men-ta-ci^^Son de me-to-do-log^^S^^Pa y o
fi-ci-na de pro-yec-tos $\OML/cmm/m/it/10 PO$ \OT1/cmr/m/n/10 pa-ra la ges-
 []


Underfull \hbox (badness 10000) has occurred while \output is active
\OT1/cmr/m/n/10 ti^^Son de pro-yec-tos de tec-no-log^^S^^Pa y con-trol in-dus-t
rial en la em-pre-sa S&G So-lu-cio-nes de
 []

[9] (./intervencion_empresarial.lof
LaTeX Info: Redefining \sptext on input line 1.
LaTeX Info: Redefining \. on input line 1.
LaTeX Info: Redefining \% on input line 1.
)
\tf@lof=\write6
\openout6 = `intervencion_empresarial.lof'.

 (./intervencion_empresarial.lot
LaTeX Info: Redefining \sptext on input line 1.
LaTeX Info: Redefining \. on input line 1.
LaTeX Info: Redefining \% on input line 1.
)
\tf@lot=\write7
\openout7 = `intervencion_empresarial.lot'.



[10] (./sections/introduccion.tex)


Underfull \hbox (badness 10000) has occurred while \output is active
[]\OT1/cmr/m/n/10 Propuesta de im-ple-men-ta-ci^^Son de me-to-do-log^^S^^Pa y o
fi-ci-na de pro-yec-tos $\OML/cmm/m/it/10 PO$ \OT1/cmr/m/n/10 pa-ra la ges-
 []


Underfull \hbox (badness 10000) has occurred while \output is active
\OT1/cmr/m/n/10 ti^^Son de pro-yec-tos de tec-no-log^^S^^Pa y con-trol in-dus-t
rial en la em-pre-sa S&G So-lu-cio-nes de
 []

[11

] (./sections/objetivos.tex


Underfull \hbox (badness 10000) has occurred while \output is active
[]\OT1/cmr/m/n/10 Propuesta de im-ple-men-ta-ci^^Son de me-to-do-log^^S^^Pa y o
fi-ci-na de pro-yec-tos $\OML/cmm/m/it/10 PO$ \OT1/cmr/m/n/10 pa-ra la ges-
 []


Underfull \hbox (badness 10000) has occurred while \output is active
\OT1/cmr/m/n/10 ti^^Son de pro-yec-tos de tec-no-log^^S^^Pa y con-trol in-dus-t
rial en la em-pre-sa S&G So-lu-cio-nes de
 []

[12

])


Underfull \hbox (badness 10000) has occurred while \output is active
[]\OT1/cmr/m/n/10 Propuesta de im-ple-men-ta-ci^^Son de me-to-do-log^^S^^Pa y o
fi-ci-na de pro-yec-tos $\OML/cmm/m/it/10 PO$ \OT1/cmr/m/n/10 pa-ra la ges-
 []


Underfull \hbox (badness 10000) has occurred while \output is active
\OT1/cmr/m/n/10 ti^^Son de pro-yec-tos de tec-no-log^^S^^Pa y con-trol in-dus-t
rial en la em-pre-sa S&G So-lu-cio-nes de
 []

[13] (./sections/justificacion.tex


Underfull \hbox (badness 10000) has occurred while \output is active
[]\OT1/cmr/m/n/10 Propuesta de im-ple-men-ta-ci^^Son de me-to-do-log^^S^^Pa y o
fi-ci-na de pro-yec-tos $\OML/cmm/m/it/10 PO$ \OT1/cmr/m/n/10 pa-ra la ges-
 []


Underfull \hbox (badness 10000) has occurred while \output is active
\OT1/cmr/m/n/10 ti^^Son de pro-yec-tos de tec-no-log^^S^^Pa y con-trol in-dus-t
rial en la em-pre-sa S&G So-lu-cio-nes de
 []

[14

])


Underfull \hbox (badness 10000) has occurred while \output is active
[]\OT1/cmr/m/n/10 Propuesta de im-ple-men-ta-ci^^Son de me-to-do-log^^S^^Pa y o
fi-ci-na de pro-yec-tos $\OML/cmm/m/it/10 PO$ \OT1/cmr/m/n/10 pa-ra la ges-
 []


Underfull \hbox (badness 10000) has occurred while \output is active
\OT1/cmr/m/n/10 ti^^Son de pro-yec-tos de tec-no-log^^S^^Pa y con-trol in-dus-t
rial en la em-pre-sa S&G So-lu-cio-nes de
 []

[15{/usr/local/texlive/2025/texmf-dist/fonts/enc/dvips/cm-super/cm-super-ts1.en
c}] (./sections/marcoIntitucional.tex


Underfull \hbox (badness 10000) has occurred while \output is active
[]\OT1/cmr/m/n/10 Propuesta de im-ple-men-ta-ci^^Son de me-to-do-log^^S^^Pa y o
fi-ci-na de pro-yec-tos $\OML/cmm/m/it/10 PO$ \OT1/cmr/m/n/10 pa-ra la ges-
 []


Underfull \hbox (badness 10000) has occurred while \output is active
\OT1/cmr/m/n/10 ti^^Son de pro-yec-tos de tec-no-log^^S^^Pa y con-trol in-dus-t
rial en la em-pre-sa S&G So-lu-cio-nes de
 []

[16

]


Underfull \hbox (badness 10000) has occurred while \output is active
[]\OT1/cmr/m/n/10 Propuesta de im-ple-men-ta-ci^^Son de me-to-do-log^^S^^Pa y o
fi-ci-na de pro-yec-tos $\OML/cmm/m/it/10 PO$ \OT1/cmr/m/n/10 pa-ra la ges-
 []


Underfull \hbox (badness 10000) has occurred while \output is active
\OT1/cmr/m/n/10 ti^^Son de pro-yec-tos de tec-no-log^^S^^Pa y con-trol in-dus-t
rial en la em-pre-sa S&G So-lu-cio-nes de
 []

[17]


Underfull \hbox (badness 10000) has occurred while \output is active
[]\OT1/cmr/m/n/10 Propuesta de im-ple-men-ta-ci^^Son de me-to-do-log^^S^^Pa y o
fi-ci-na de pro-yec-tos $\OML/cmm/m/it/10 PO$ \OT1/cmr/m/n/10 pa-ra la ges-
 []


Underfull \hbox (badness 10000) has occurred while \output is active
\OT1/cmr/m/n/10 ti^^Son de pro-yec-tos de tec-no-log^^S^^Pa y con-trol in-dus-t
rial en la em-pre-sa S&G So-lu-cio-nes de
 []

[18])


Underfull \hbox (badness 10000) has occurred while \output is active
[]\OT1/cmr/m/n/10 Propuesta de im-ple-men-ta-ci^^Son de me-to-do-log^^S^^Pa y o
fi-ci-na de pro-yec-tos $\OML/cmm/m/it/10 PO$ \OT1/cmr/m/n/10 pa-ra la ges-
 []


Underfull \hbox (badness 10000) has occurred while \output is active
\OT1/cmr/m/n/10 ti^^Son de pro-yec-tos de tec-no-log^^S^^Pa y con-trol in-dus-t
rial en la em-pre-sa S&G So-lu-cio-nes de
 []

[19] (./sections/marcoReferencia.tex


Underfull \hbox (badness 10000) has occurred while \output is active
[]\OT1/cmr/m/n/10 Propuesta de im-ple-men-ta-ci^^Son de me-to-do-log^^S^^Pa y o
fi-ci-na de pro-yec-tos $\OML/cmm/m/it/10 PO$ \OT1/cmr/m/n/10 pa-ra la ges-
 []


Underfull \hbox (badness 10000) has occurred while \output is active
\OT1/cmr/m/n/10 ti^^Son de pro-yec-tos de tec-no-log^^S^^Pa y con-trol in-dus-t
rial en la em-pre-sa S&G So-lu-cio-nes de
 []

[20

]


Underfull \hbox (badness 10000) has occurred while \output is active
[]\OT1/cmr/m/n/10 Propuesta de im-ple-men-ta-ci^^Son de me-to-do-log^^S^^Pa y o
fi-ci-na de pro-yec-tos $\OML/cmm/m/it/10 PO$ \OT1/cmr/m/n/10 pa-ra la ges-
 []


Underfull \hbox (badness 10000) has occurred while \output is active
\OT1/cmr/m/n/10 ti^^Son de pro-yec-tos de tec-no-log^^S^^Pa y con-trol in-dus-t
rial en la em-pre-sa S&G So-lu-cio-nes de
 []

[21]


Underfull \hbox (badness 10000) has occurred while \output is active
[]\OT1/cmr/m/n/10 Propuesta de im-ple-men-ta-ci^^Son de me-to-do-log^^S^^Pa y o
fi-ci-na de pro-yec-tos $\OML/cmm/m/it/10 PO$ \OT1/cmr/m/n/10 pa-ra la ges-
 []


Underfull \hbox (badness 10000) has occurred while \output is active
\OT1/cmr/m/n/10 ti^^Son de pro-yec-tos de tec-no-log^^S^^Pa y con-trol in-dus-t
rial en la em-pre-sa S&G So-lu-cio-nes de
 []

[22]


Underfull \hbox (badness 10000) has occurred while \output is active
[]\OT1/cmr/m/n/10 Propuesta de im-ple-men-ta-ci^^Son de me-to-do-log^^S^^Pa y o
fi-ci-na de pro-yec-tos $\OML/cmm/m/it/10 PO$ \OT1/cmr/m/n/10 pa-ra la ges-
 []


Underfull \hbox (badness 10000) has occurred while \output is active
\OT1/cmr/m/n/10 ti^^Son de pro-yec-tos de tec-no-log^^S^^Pa y con-trol in-dus-t
rial en la em-pre-sa S&G So-lu-cio-nes de
 []

[23]


Underfull \hbox (badness 10000) has occurred while \output is active
[]\OT1/cmr/m/n/10 Propuesta de im-ple-men-ta-ci^^Son de me-to-do-log^^S^^Pa y o
fi-ci-na de pro-yec-tos $\OML/cmm/m/it/10 PO$ \OT1/cmr/m/n/10 pa-ra la ges-
 []


Underfull \hbox (badness 10000) has occurred while \output is active
\OT1/cmr/m/n/10 ti^^Son de pro-yec-tos de tec-no-log^^S^^Pa y con-trol in-dus-t
rial en la em-pre-sa S&G So-lu-cio-nes de
 []

[24]


Underfull \hbox (badness 10000) has occurred while \output is active
[]\OT1/cmr/m/n/10 Propuesta de im-ple-men-ta-ci^^Son de me-to-do-log^^S^^Pa y o
fi-ci-na de pro-yec-tos $\OML/cmm/m/it/10 PO$ \OT1/cmr/m/n/10 pa-ra la ges-
 []


Underfull \hbox (badness 10000) has occurred while \output is active
\OT1/cmr/m/n/10 ti^^Son de pro-yec-tos de tec-no-log^^S^^Pa y con-trol in-dus-t
rial en la em-pre-sa S&G So-lu-cio-nes de
 []

[25]


Underfull \hbox (badness 10000) has occurred while \output is active
[]\OT1/cmr/m/n/10 Propuesta de im-ple-men-ta-ci^^Son de me-to-do-log^^S^^Pa y o
fi-ci-na de pro-yec-tos $\OML/cmm/m/it/10 PO$ \OT1/cmr/m/n/10 pa-ra la ges-
 []


Underfull \hbox (badness 10000) has occurred while \output is active
\OT1/cmr/m/n/10 ti^^Son de pro-yec-tos de tec-no-log^^S^^Pa y con-trol in-dus-t
rial en la em-pre-sa S&G So-lu-cio-nes de
 []

[26])


Underfull \hbox (badness 10000) has occurred while \output is active
[]\OT1/cmr/m/n/10 Propuesta de im-ple-men-ta-ci^^Son de me-to-do-log^^S^^Pa y o
fi-ci-na de pro-yec-tos $\OML/cmm/m/it/10 PO$ \OT1/cmr/m/n/10 pa-ra la ges-
 []


Underfull \hbox (badness 10000) has occurred while \output is active
\OT1/cmr/m/n/10 ti^^Son de pro-yec-tos de tec-no-log^^S^^Pa y con-trol in-dus-t
rial en la em-pre-sa S&G So-lu-cio-nes de
 []

[27] (./sections/disenoMetodolico.tex
Overfull \hbox (28.45953pt too wide) in paragraph at lines 4--16
 [][] 
 []

)


Underfull \hbox (badness 10000) has occurred while \output is active
[]\OT1/cmr/m/n/10 Propuesta de im-ple-men-ta-ci^^Son de me-to-do-log^^S^^Pa y o
fi-ci-na de pro-yec-tos $\OML/cmm/m/it/10 PO$ \OT1/cmr/m/n/10 pa-ra la ges-
 []


Underfull \hbox (badness 10000) has occurred while \output is active
\OT1/cmr/m/n/10 ti^^Son de pro-yec-tos de tec-no-log^^S^^Pa y con-trol in-dus-t
rial en la em-pre-sa S&G So-lu-cio-nes de
 []

[28

] (./sections/diagnosticoOrganizacional.tex)


Underfull \hbox (badness 10000) has occurred while \output is active
[]\OT1/cmr/m/n/10 Propuesta de im-ple-men-ta-ci^^Son de me-to-do-log^^S^^Pa y o
fi-ci-na de pro-yec-tos $\OML/cmm/m/it/10 PO$ \OT1/cmr/m/n/10 pa-ra la ges-
 []


Underfull \hbox (badness 10000) has occurred while \output is active
\OT1/cmr/m/n/10 ti^^Son de pro-yec-tos de tec-no-log^^S^^Pa y con-trol in-dus-t
rial en la em-pre-sa S&G So-lu-cio-nes de
 []

[29

] (./sections/planIntervencion.tex)
Overfull \hbox (4.05637pt too wide) in paragraph at lines 1--203
[]\OT1/cmr/m/n/12 Define un plan de in-ter-ven-ci^^Son pa-ra la em-pre-sa, con 
ba-se en los re-sul-ta-dos del diagn^^Sosti- 
 []




Underfull \hbox (badness 10000) has occurred while \output is active
[]\OT1/cmr/m/n/10 Propuesta de im-ple-men-ta-ci^^Son de me-to-do-log^^S^^Pa y o
fi-ci-na de pro-yec-tos $\OML/cmm/m/it/10 PO$ \OT1/cmr/m/n/10 pa-ra la ges-
 []


Underfull \hbox (badness 10000) has occurred while \output is active
\OT1/cmr/m/n/10 ti^^Son de pro-yec-tos de tec-no-log^^S^^Pa y con-trol in-dus-t
rial en la em-pre-sa S&G So-lu-cio-nes de
 []

[30

] (./sections/conclusiones.tex)


Underfull \hbox (badness 10000) has occurred while \output is active
[]\OT1/cmr/m/n/10 Propuesta de im-ple-men-ta-ci^^Son de me-to-do-log^^S^^Pa y o
fi-ci-na de pro-yec-tos $\OML/cmm/m/it/10 PO$ \OT1/cmr/m/n/10 pa-ra la ges-
 []


Underfull \hbox (badness 10000) has occurred while \output is active
\OT1/cmr/m/n/10 ti^^Son de pro-yec-tos de tec-no-log^^S^^Pa y con-trol in-dus-t
rial en la em-pre-sa S&G So-lu-cio-nes de
 []

[31

]


Underfull \hbox (badness 10000) has occurred while \output is active
[]\OT1/cmr/m/n/10 Propuesta de im-ple-men-ta-ci^^Son de me-to-do-log^^S^^Pa y o
fi-ci-na de pro-yec-tos $\OML/cmm/m/it/10 PO$ \OT1/cmr/m/n/10 pa-ra la ges-
 []


Underfull \hbox (badness 10000) has occurred while \output is active
\OT1/cmr/m/n/10 ti^^Son de pro-yec-tos de tec-no-log^^S^^Pa y con-trol in-dus-t
rial en la em-pre-sa S&G So-lu-cio-nes de
 []

[32

]


Underfull \hbox (badness 10000) has occurred while \output is active
[]\OT1/cmr/m/n/10 Propuesta de im-ple-men-ta-ci^^Son de me-to-do-log^^S^^Pa y o
fi-ci-na de pro-yec-tos $\OML/cmm/m/it/10 PO$ \OT1/cmr/m/n/10 pa-ra la ges-
 []


Underfull \hbox (badness 10000) has occurred while \output is active
\OT1/cmr/m/n/10 ti^^Son de pro-yec-tos de tec-no-log^^S^^Pa y con-trol in-dus-t
rial en la em-pre-sa S&G So-lu-cio-nes de
 []

[33

] (./intervencion_empresarial.aux
LaTeX Info: Redefining \sptext on input line 12.
LaTeX Info: Redefining \. on input line 12.
LaTeX Info: Redefining \% on input line 12.
)
 ***********
LaTeX2e <2024-11-01> patch level 2
L3 programming layer <2025-01-18>
 ***********


LaTeX Warning: Label(s) may have changed. Rerun to get cross-references right.

Package rerunfilecheck Info: File `intervencion_empresarial.out' has not change
d.
(rerunfilecheck)             Checksum: 303EBA4E0E9E45DC313C720F85FB88B9;8715.

Package biblatex Warning: Please rerun LaTeX.
(biblatex)                Page breaks have changed.

Package logreq Info: Writing requests to 'intervencion_empresarial.run.xml'.
\openout1 = `intervencion_empresarial.run.xml'.

 ) 
Here is how much of TeX's memory you used:
 21792 strings out of 473190
 389267 string characters out of 5715801
 1314928 words of memory out of 5000000
 44689 multiletter control sequences out of 15000+600000
 563775 words of font info for 52 fonts, out of 8000000 for 9000
 1141 hyphenation exceptions out of 8191
 75i,14n,81p,1544b,2813s stack positions out of 10000i,1000n,20000p,200000b,200000s
</usr/local/texlive/2025/texmf-dist/fonts/type1/public/amsfonts/cm/cmbx12.pfb
></usr/local/texlive/2025/texmf-dist/fonts/type1/public/amsfonts/cm/cmmi10.pfb>
</usr/local/texlive/2025/texmf-dist/fonts/type1/public/amsfonts/cm/cmmi12.pfb><
/usr/local/texlive/2025/texmf-dist/fonts/type1/public/amsfonts/cm/cmr10.pfb></u
sr/local/texlive/2025/texmf-dist/fonts/type1/public/amsfonts/cm/cmr12.pfb></usr
/local/texlive/2025/texmf-dist/fonts/type1/public/amsfonts/cm/cmti12.pfb></usr/
local/texlive/2025/texmf-dist/fonts/type1/public/cm-super/sfrm1200.pfb>
Output written on intervencion_empresarial.pdf (34 pages, 137941 bytes).
PDF statistics:
 486 PDF objects out of 1000 (max. 8388607)
 431 compressed objects within 5 object streams
 90 named destinations out of 1000 (max. 500000)
 425 words of extra memory for PDF output out of 10000 (max. 10000000)

