\BOOKMARK [4][-]{paragraph.0.0.0.1}{}{}% 1
\BOOKMARK [1][-]{section.1}{\376\377\000I\000n\000t\000r\000o\000d\000u\000c\000c\000i\000\363\000n}{}% 2
\BOOKMARK [1][-]{section.2}{\376\377\000O\000b\000j\000e\000t\000i\000v\000o\000s}{}% 3
\BOOKMARK [1][-]{section.3}{\376\377\000J\000u\000s\000t\000i\000f\000i\000c\000a\000c\000i\000\363\000n}{}% 4
\BOOKMARK [1][-]{section.4}{\376\377\000M\000a\000r\000c\000o\000\040\000I\000n\000s\000t\000i\000t\000u\000c\000i\000o\000n\000a\000l}{}% 5
\BOOKMARK [2][-]{subsection.4.1}{\376\377\000P\000r\000e\000s\000e\000n\000t\000a\000c\000i\000\363\000n\000\040\000d\000e\000\040\000l\000a\000\040\000e\000m\000p\000r\000e\000s\000a}{section.4}% 6
\BOOKMARK [2][-]{subsection.4.2}{\376\377\000R\000e\000f\000e\000r\000e\000n\000t\000e\000s\000\040\000e\000s\000t\000r\000a\000t\000\351\000g\000i\000c\000o\000s}{section.4}% 7
\BOOKMARK [3][-]{subsubsection.4.2.1}{\376\377\000M\000i\000s\000i\000\363\000n}{subsection.4.2}% 8
\BOOKMARK [3][-]{subsubsection.4.2.2}{\376\377\000V\000i\000s\000i\000\363\000n}{subsection.4.2}% 9
\BOOKMARK [3][-]{subsubsection.4.2.3}{\376\377\000P\000o\000l\000\355\000t\000i\000c\000a\000s\000\040\000d\000e\000\040\000c\000a\000l\000i\000d\000a\000d}{subsection.4.2}% 10
\BOOKMARK [3][-]{subsubsection.4.2.4}{\376\377\000O\000b\000j\000e\000t\000i\000v\000o\000s\000\040\000d\000e\000\040\000c\000a\000l\000i\000d\000a\000d}{subsection.4.2}% 11
\BOOKMARK [2][-]{subsection.4.3}{\376\377\000E\000s\000t\000r\000u\000c\000t\000u\000r\000a\000\040\000o\000r\000g\000a\000n\000i\000z\000a\000c\000i\000o\000n\000a\000l}{section.4}% 12
\BOOKMARK [2][-]{subsection.4.4}{\376\377\000P\000r\000o\000d\000u\000c\000t\000o\000s\000\040\000y\000\040\000s\000e\000r\000v\000i\000c\000i\000o\000s\000\040\000o\000f\000e\000r\000t\000a\000d\000o\000s}{section.4}% 13
\BOOKMARK [2][-]{subsection.4.5}{\376\377\000A\000n\000\341\000l\000i\000s\000i\000s\000\040\000d\000e\000l\000\040\000s\000e\000c\000t\000o\000r}{section.4}% 14
\BOOKMARK [3][-]{subsubsection.4.5.1}{\376\377\000I\000n\000t\000r\000o\000d\000u\000c\000c\000i\000\363\000n\000\040\000a\000l\000\040\000s\000e\000c\000t\000o\000r}{subsection.4.5}% 15
\BOOKMARK [3][-]{subsubsection.4.5.2}{\376\377\000T\000a\000m\000a\000\361\000o\000\040\000y\000\040\000c\000o\000m\000p\000o\000r\000t\000a\000m\000i\000e\000n\000t\000o\000\040\000d\000e\000l\000\040\000s\000e\000c\000t\000o\000r}{subsection.4.5}% 16
\BOOKMARK [1][-]{section.5}{\376\377\000M\000a\000r\000c\000o\000\040\000d\000e\000\040\000R\000e\000f\000e\000r\000e\000n\000c\000i\000a}{}% 17
\BOOKMARK [2][-]{subsection.5.1}{\376\377\000A\000n\000t\000e\000c\000e\000d\000e\000n\000t\000e\000s\000\040\000y\000\040\000t\000e\000o\000r\000\355\000a\000s\000\040\000r\000e\000l\000e\000v\000a\000n\000t\000e\000s}{section.5}% 18
\BOOKMARK [3][-]{subsubsection.5.1.1}{\376\377\000A\000\040\000n\000i\000v\000e\000l\000\040\000n\000a\000c\000i\000o\000n\000a\000l}{subsection.5.1}% 19
\BOOKMARK [3][-]{subsubsection.5.1.2}{\376\377\000A\000\040\000n\000i\000v\000e\000l\000\040\000i\000n\000t\000e\000r\000n\000a\000c\000i\000o\000n\000a\000l}{subsection.5.1}% 20
\BOOKMARK [2][-]{subsection.5.2}{\376\377\000G\000e\000s\000t\000i\000\363\000n\000\040\000d\000e\000\040\000p\000r\000o\000y\000e\000c\000t\000o\000s}{section.5}% 21
\BOOKMARK [3][-]{subsubsection.5.2.1}{\376\377\000P\000r\000o\000y\000e\000c\000t\000o\000s}{subsection.5.2}% 22
\BOOKMARK [4][-]{paragraph.5.2.1.1}{\376\377\000C\000a\000r\000a\000c\000t\000e\000r\000\355\000s\000t\000i\000c\000a\000s\000\040\000d\000e\000\040\000u\000n\000\040\000p\000r\000o\000y\000e\000c\000t\000o}{subsubsection.5.2.1}% 23
\BOOKMARK [2][-]{subsection.5.3}{\376\377\000P\000r\000o\000g\000r\000a\000m\000a\000s}{section.5}% 24
\BOOKMARK [2][-]{subsection.5.4}{\376\377\000P\000o\000r\000t\000a\000f\000o\000l\000i\000o\000s}{section.5}% 25
\BOOKMARK [2][-]{subsection.5.5}{\376\377\000G\000e\000s\000t\000i\000\363\000n\000\040\000d\000e\000\040\000p\000r\000o\000y\000e\000c\000t\000o\000s}{section.5}% 26
\BOOKMARK [2][-]{subsection.5.6}{\376\377\000N\000o\000r\000m\000a\000s\000\040\000o\000\040\000e\000s\000t\000\341\000n\000d\000a\000r\000e\000s\000\040\000i\000n\000t\000e\000r\000n\000a\000c\000i\000o\000n\000a\000l\000e\000s\000\040\000d\000e\000\040\000g\000e\000s\000t\000i\000\363\000n\000\040\000d\000e\000\040\000p\000r\000o\000y\000e\000c\000t\000o\000s}{section.5}% 27
\BOOKMARK [2][-]{subsection.5.7}{\376\377\000M\000e\000t\000o\000d\000o\000l\000o\000g\000\355\000a\000s\000\040\000d\000e\000\040\000g\000e\000s\000t\000i\000\363\000n\000\040\000d\000e\000\040\000p\000r\000o\000y\000e\000c\000t\000o\000s}{section.5}% 28
\BOOKMARK [2][-]{subsection.5.8}{\376\377\000O\000f\000i\000c\000i\000n\000a\000\040\000d\000e\000\040\000g\000e\000s\000t\000i\000\363\000n\000\040\000d\000e\000\040\000p\000r\000o\000y\000e\000c\000t\000o\000s}{section.5}% 29
\BOOKMARK [3][-]{subsubsection.5.8.1}{\376\377\000F\000u\000n\000c\000i\000o\000n\000e\000s}{subsection.5.8}% 30
\BOOKMARK [3][-]{subsubsection.5.8.2}{\376\377\000T\000i\000p\000o\000s}{subsection.5.8}% 31
\BOOKMARK [3][-]{subsubsection.5.8.3}{\376\377\000A\000l\000c\000a\000n\000c\000e}{subsection.5.8}% 32
\BOOKMARK [3][-]{subsubsection.5.8.4}{\376\377\000E\000s\000t\000r\000u\000c\000t\000u\000r\000a}{subsection.5.8}% 33
\BOOKMARK [3][-]{subsubsection.5.8.5}{\376\377\000E\000n\000f\000o\000q\000u\000e}{subsection.5.8}% 34
\BOOKMARK [3][-]{subsubsection.5.8.6}{\376\377\000R\000o\000l\000e\000s}{subsection.5.8}% 35
\BOOKMARK [3][-]{subsubsection.5.8.7}{\376\377\000B\000e\000n\000e\000f\000i\000c\000i\000o\000s}{subsection.5.8}% 36
\BOOKMARK [3][-]{subsubsection.5.8.8}{\376\377\000D\000e\000s\000a\000f\000\355\000o\000s}{subsection.5.8}% 37
\BOOKMARK [2][-]{subsection.5.9}{\376\377\000G\000e\000s\000t\000i\000\363\000n\000\040\000d\000e\000\040\000l\000a\000\040\000o\000f\000i\000c\000i\000n\000a\000\040\000d\000e\000\040\000p\000r\000o\000y\000e\000c\000t\000o\000s}{section.5}% 38
\BOOKMARK [2][-]{subsection.5.10}{\376\377\000M\000a\000d\000u\000r\000e\000z\000\040\000d\000e\000\040\000l\000a\000\040\000g\000e\000s\000t\000i\000\363\000n\000\040\000d\000e\000\040\000p\000r\000o\000y\000e\000c\000t\000o\000s}{section.5}% 39
\BOOKMARK [3][-]{subsubsection.5.10.1}{\376\377\000M\000o\000d\000e\000l\000o\000s\000\040\000d\000e\000\040\000m\000a\000d\000u\000r\000e\000z\000\040\000d\000e\000\040\000l\000a\000\040\000g\000e\000s\000t\000i\000\363\000n\000\040\000d\000e\000\040\000p\000r\000o\000y\000e\000c\000t\000o\000s}{subsection.5.10}% 40
\BOOKMARK [3][-]{subsubsection.5.10.2}{\376\377\000M\000o\000d\000e\000l\000o\000\040\000d\000e\000\040\000m\000a\000d\000u\000r\000e\000z\000\040\000I\000P\000M\000A}{subsection.5.10}% 41
\BOOKMARK [3][-]{subsubsection.5.10.3}{\376\377\000M\000o\000d\000e\000l\000o\000\040\000d\000e\000\040\000m\000a\000d\000u\000r\000e\000z\000\040\000C\000M\000M\000I}{subsection.5.10}% 42
\BOOKMARK [3][-]{subsubsection.5.10.4}{\376\377\000M\000o\000d\000e\000l\000o\000\040\000d\000e\000\040\000m\000a\000d\000u\000r\000e\000z\000\040\000O\000P\000M\0003}{subsection.5.10}% 43
\BOOKMARK [3][-]{subsubsection.5.10.5}{\376\377\000M\000o\000d\000e\000l\000o\000\040\000d\000e\000\040\000m\000a\000d\000u\000r\000e\000z\000\040\000K\000P\000M\000M\000M}{subsection.5.10}% 44
\BOOKMARK [1][-]{section.6}{\376\377\000D\000i\000s\000e\000\361\000o\000\040\000M\000e\000t\000o\000d\000o\000l\000\363\000g\000i\000c\000o}{}% 45
\BOOKMARK [1][-]{section.7}{\376\377\000D\000i\000a\000g\000n\000\363\000s\000t\000i\000c\000o\000\040\000O\000r\000g\000a\000n\000i\000z\000a\000c\000i\000o\000n\000a\000l}{}% 46
\BOOKMARK [2][-]{subsection.7.1}{\376\377\000P\000r\000o\000c\000e\000s\000a\000m\000i\000e\000n\000t\000o\000\040\000e\000s\000t\000a\000d\000\355\000s\000t\000i\000c\000o\000\040\000d\000e\000\040\000d\000a\000t\000o\000s}{section.7}% 47
\BOOKMARK [2][-]{subsection.7.2}{\376\377\000A\000n\000\341\000l\000i\000s\000i\000s\000\040\000d\000e\000\040\000r\000e\000s\000u\000l\000t\000a\000d\000o\000s}{section.7}% 48
\BOOKMARK [1][-]{section.8}{\376\377\000P\000l\000a\000n\000\040\000d\000e\000\040\000I\000n\000t\000e\000r\000v\000e\000n\000c\000i\000\363\000n}{}% 49
\BOOKMARK [1][-]{section.9}{\376\377\000C\000o\000n\000c\000l\000u\000s\000i\000o\000n\000e\000s\000\040\000y\000\040\000R\000e\000c\000o\000m\000e\000n\000d\000a\000c\000i\000o\000n\000e\000s}{}% 50
\BOOKMARK [2][-]{subsection.9.1}{\376\377\000C\000o\000n\000c\000l\000u\000s\000i\000o\000n\000e\000s}{section.9}% 51
\BOOKMARK [2][-]{subsection.9.2}{\376\377\000R\000e\000c\000o\000m\000e\000n\000d\000a\000c\000i\000o\000n\000e\000s}{section.9}% 52
